<!DOCTYPE suite SYSTEM "http://testng.org/testng-1.0.dtd" >

<suite name="Suite1" verbose="1" >
    <test name="OpenAdminToolAndSelectProduct" preserve-order="false">
        <classes>
            <class name="tests.SelectProductTest">
                <methods>
                    <include name="selectProduct" />
                    <include name="calcTheItems" />
                </methods>
            </class>
        </classes>
    </test>
</suite>